<?xml version="1.0" encoding="UTF-8"?>
<!-- Generated by org.testng.reporters.JUnitXMLReporter -->
<testsuite ignored="4" hostname="DESKTOP-ANVVC6A" failures="0" tests="6" name="GivenTestName" time="47.057" errors="0" timestamp="2021-06-23T17:23:48 EDT">
  <testcase classname="testNG.DataDriven" name="signInNegativeLogin" time="2.114"/>
  <testcase classname="testNG.DataDriven" name="signInNegativeLogin" time="2.042"/>
  <testcase classname="testNG.DataDriven" name="signInNegativeLogin" time="1.95"/>
  <testcase classname="testNG.DataDriven" name="signInNegativeLogin" time="2.165"/>
  <testcase classname="testNG.DataDriven" name="signInNegativeLogin" time="1.892"/>
  <testcase classname="testNG.KeywordsAndAnnotations" name="secondChanceLink" time="7.221"/>
  <testcase classname="testNG.KeywordsAndAnnotations" name="accountAndList" time="0.0">
    <ignored/>
  </testcase> <!-- accountAndList -->
  <testcase classname="testNG.KeywordsAndAnnotations" name="primeAndTryfromFrame" time="0.0">
    <ignored/>
  </testcase> <!-- primeAndTryfromFrame -->
  <testcase classname="testNG.KeywordsAndAnnotations" name="searchDepartment" time="0.0">
    <ignored/>
  </testcase> <!-- searchDepartment -->
  <testcase classname="testNG.KeywordsAndAnnotations" name="setDepartment" time="0.0">
    <ignored/>
  </testcase> <!-- setDepartment -->
</testsuite> <!-- GivenTestName -->
