<?xml version="1.0" encoding="UTF-8"?>
<!-- Generated by org.testng.reporters.JUnitXMLReporter -->
<testsuite ignored="4" hostname="DESKTOP-ANVVC6A" failures="0" tests="6" name="XMLTests" time="45.903" errors="0" timestamp="2021-06-23T17:10:45 EDT">
  <testcase classname="testNG.KeywordsAndAnnotations" name="secondChanceLink" time="7.324"/>
  <testcase classname="testNG.DataDriven" name="signInNegativeLogin" time="2.189"/>
  <testcase classname="testNG.DataDriven" name="signInNegativeLogin" time="1.943"/>
  <testcase classname="testNG.DataDriven" name="signInNegativeLogin" time="1.635"/>
  <testcase classname="testNG.DataDriven" name="signInNegativeLogin" time="1.884"/>
  <testcase classname="testNG.DataDriven" name="signInNegativeLogin" time="2.038"/>
  <testcase classname="testNG.KeywordsAndAnnotations" name="accountAndList" time="0.0">
    <ignored/>
  </testcase> <!-- accountAndList -->
  <testcase classname="testNG.KeywordsAndAnnotations" name="primeAndTryfromFrame" time="0.0">
    <ignored/>
  </testcase> <!-- primeAndTryfromFrame -->
  <testcase classname="testNG.KeywordsAndAnnotations" name="searchDepartment" time="0.0">
    <ignored/>
  </testcase> <!-- searchDepartment -->
  <testcase classname="testNG.KeywordsAndAnnotations" name="setDepartment" time="0.0">
    <ignored/>
  </testcase> <!-- setDepartment -->
</testsuite> <!-- XMLTests -->
