<?xml version="1.0" encoding="UTF-8"?>
<testng-results ignored="0" total="1" passed="1" failed="0" skipped="0">
  <reporter-output>
  </reporter-output>
  <suite started-at="2021-07-11T21:26:04 EDT" name="Default suite" finished-at="2021-07-11T21:26:22 EDT" duration-ms="17867">
    <groups>
    </groups>
    <test started-at="2021-07-11T21:26:04 EDT" name="Default test" finished-at="2021-07-11T21:26:22 EDT" duration-ms="17867">
      <class name="testNG.ReadyforTDDPOM">
        <test-method is-config="true" signature="inlMethod()[pri:0, instance:testNG.ReadyforTDDPOM@4690b489]" started-at="2021-07-11T21:26:04 EDT" name="inlMethod" finished-at="2021-07-11T21:26:06 EDT" duration-ms="2210" status="PASS">
          <reporter-output>
          </reporter-output>
        </test-method> <!-- inlMethod -->
        <test-method signature="trialEntry()[pri:0, instance:testNG.ReadyforTDDPOM@4690b489]" started-at="2021-07-11T21:26:06 EDT" name="trialEntry" finished-at="2021-07-11T21:26:22 EDT" duration-ms="15560" status="PASS">
          <reporter-output>
          </reporter-output>
        </test-method> <!-- trialEntry -->
        <test-method is-config="true" signature="closedown()[pri:0, instance:testNG.ReadyforTDDPOM@4690b489]" started-at="2021-07-11T21:26:22 EDT" name="closedown" finished-at="2021-07-11T21:26:22 EDT" duration-ms="61" status="PASS">
          <reporter-output>
          </reporter-output>
        </test-method> <!-- closedown -->
      </class> <!-- testNG.ReadyforTDDPOM -->
    </test> <!-- Default test -->
  </suite> <!-- Default suite -->
</testng-results>
