<?xml version="1.0" encoding="UTF-8"?>
<!-- Generated by org.testng.reporters.JUnitXMLReporter -->
<testsuite ignored="0" hostname="DESKTOP-ANVVC6A" failures="0" tests="10" name="XML Tests" time="68.688" errors="0" timestamp="2021-06-23T19:11:21 EDT">
  <testcase classname="testNG.DataDriven" name="signInNegativeLogin" time="2.076"/>
  <testcase classname="testNG.DataDriven" name="signInNegativeLogin" time="2.317"/>
  <testcase classname="testNG.DataDriven" name="signInNegativeLogin" time="1.844"/>
  <testcase classname="testNG.DataDriven" name="signInNegativeLogin" time="1.728"/>
  <testcase classname="testNG.DataDriven" name="signInNegativeLogin" time="2.191"/>
  <testcase classname="testNG.KeywordsAndAnnotations" name="setDepartment" time="1.194"/>
  <testcase classname="testNG.KeywordsAndAnnotations" name="searchDepartment" time="3.382"/>
  <testcase classname="testNG.KeywordsAndAnnotations" name="primeAndTryfromFrame" time="3.49"/>
  <testcase classname="testNG.KeywordsAndAnnotations" name="accountAndList" time="2.234"/>
  <testcase classname="testNG.KeywordsAndAnnotations" name="secondChanceLink" time="6.737"/>
</testsuite> <!-- XML Tests -->
