<?xml version="1.0" encoding="UTF-8"?>
<!-- Generated by org.testng.reporters.JUnitXMLReporter -->
<testsuite ignored="0" hostname="DESKTOP-ANVVC6A" failures="0" tests="3" name="Test" time="2.309" errors="0" timestamp="2021-06-16T21:00:04 EDT">
  <testcase classname="testNG.AfterTestNG" name="@AfterMethod tearDown" time="0.0">
    <failure type="java.lang.NullPointerException" message="Cannot invoke &amp;quot;org.openqa.selenium.WebDriver.close()&amp;quot; because &amp;quot;this.drives&amp;quot; is null">
      <![CDATA[java.lang.NullPointerException: Cannot invoke "org.openqa.selenium.WebDriver.close()" because "this.drives" is null
at testNG.AfterTestNG.tearDown(AfterTestNG.java:28)
at java.base/java.util.ArrayList.forEach(ArrayList.java:1511)
... Removed 32 stack frames]]>
    </failure>
  </testcase> <!-- @AfterMethod tearDown -->
  <testcase classname="testNG.AfterTestNG" name="@BeforeMethod initialization" time="-1.62389160426E9">
    <skipped/>
  </testcase> <!-- @BeforeMethod initialization -->
  <testcase classname="testNG.AfterTestNG" name="@AfterMethod tearDown" time="-1.623891604265E9">
    <skipped/>
  </testcase> <!-- @AfterMethod tearDown -->
  <testcase classname="testNG.AfterTestNG" name="@BeforeMethod initialization" time="-1.623891604266E9">
    <skipped/>
  </testcase> <!-- @BeforeMethod initialization -->
  <testcase classname="testNG.AfterTestNG" name="@AfterMethod tearDown" time="-1.623891604271E9">
    <skipped/>
  </testcase> <!-- @AfterMethod tearDown -->
  <testcase classname="testNG.AfterTestNG" name="negativeLoginTest" time="0.004"/>
  <testcase classname="testNG.AfterTestNG" name="test2" time="0.0">
    <skipped/>
  </testcase> <!-- test2 -->
  <testcase classname="testNG.AfterTestNG" name="test3" time="0.0">
    <skipped/>
  </testcase> <!-- test3 -->
</testsuite> <!-- Test -->
