<?xml version="1.0" encoding="UTF-8"?>
<!-- Generated by org.testng.reporters.JUnitXMLReporter -->
<testsuite ignored="1" hostname="DESKTOP-ANVVC6A" failures="0" tests="12" name="ParameterTest" time="3.689" errors="0" timestamp="2021-07-06T22:15:42 EDT">
  <testcase classname="testNG.TestNGParameterization" name="simpleCheckRegression" time="0.224"/>
  <testcase classname="testNG.TestNGParameterization" name="simpleCheckRegression" time="0.139"/>
  <testcase classname="testNG.TestNGParameterization" name="simpleCheckRegression" time="0.129"/>
  <testcase classname="testNG.TestNGParameterization" name="simpleCheckRegression" time="0.129"/>
  <testcase classname="testNG.TestNGParameterization" name="simpleCheckRegression" time="0.12"/>
  <testcase classname="testNG.TestNGParameterization" name="simpleCheckRegression" time="0.113"/>
  <testcase classname="testNG.TestNGParameterization" name="simpleCheckRegression" time="0.117"/>
  <testcase classname="testNG.TestNGParameterization" name="simpleCheckRegression" time="0.114"/>
  <testcase classname="testNG.TestNGParameterization" name="simpleCheckRegression" time="0.113"/>
  <testcase classname="testNG.TestNGParameterization" name="simpleCheckRegression" time="0.11"/>
  <testcase classname="testNG.TestNGParameterization" name="simpleCheckRegression" time="0.122"/>
  <testcase classname="testNG.TestNGParameterization" name="simpleCheckRegression" time="0.112"/>
  <testcase classname="testNG.TestNGParameterization" name="simpleCheckSelfData" time="0.0">
    <ignored/>
  </testcase> <!-- simpleCheckSelfData -->
</testsuite> <!-- ParameterTest -->
