<?xml version="1.0" encoding="UTF-8"?>
<!-- Generated by org.testng.reporters.JUnitXMLReporter -->
<testsuite ignored="0" hostname="DESKTOP-ANVVC6A" failures="0" tests="8" name="TestParameterRevision" time="9.844" errors="0" timestamp="2021-07-07T13:20:59 EDT">
  <testcase classname="testNG.TestNGforParameterizationStudy" name="testonDemoforStudy" time="0.664"/>
  <testcase classname="testNG.TestNGforParameterizationStudy" name="testonDemoforStudy" time="0.643"/>
  <testcase classname="testNG.TestNGforParameterizationStudy" name="testonDemoforStudy" time="0.634"/>
  <testcase classname="testNG.TestNGforParameterizationStudy" name="testonDemoforStudy" time="0.606"/>
  <testcase classname="testNG.TestNGforParameterizationStudy" name="testonDemoforStudy" time="0.629"/>
  <testcase classname="testNG.TestNGforParameterizationStudy" name="testonDemoforStudy" time="0.687"/>
  <testcase classname="testNG.TestNGforParameterizationStudy" name="testonDemoforStudy" time="0.632"/>
  <testcase classname="testNG.TestNGforParameterizationStudy" name="testonDemoforStudy" time="0.663"/>
</testsuite> <!-- TestParameterRevision -->
