# JRE version: Java(TM) SE Runtime Environment (15.0.2+7) (build 15.0.2+7-27)
# Java VM: Java HotSpot(TM) 64-Bit Server VM (15.0.2+7-27, mixed mode, sharing, tiered, compressed oops, g1 gc, windows-amd64)
GC Precious Log:
 CPUs: 8 total, 8 available
 Memory: 8134M
 Large Page Support: Disabled
 NUMA Support: Disabled
 Compressed Oops: Enabled (32-bit)
 Heap Region Size: 1M
 Heap Min Capacity: 8M
 Heap Initial Capacity: 128M
 Heap Max Capacity: 2034M
 Pre-touch: Disabled
 Parallel Workers: 8
 Concurrent Workers: 2
 Concurrent Refinement Workers: 8
 Periodic GC: Disabled
Heap:
 garbage-first heap   total 37888K, used 11636K [0x0000000080e00000, 0x0000000100000000)
  region size 1024K, 3 young (3072K), 1 survivors (1024K)
 Metaspace       used 21080K, capacity 21473K, committed 21632K, reserved 1069056K
  class space    used 2451K, capacity 2587K, committed 2688K, reserved 1048576K
GC Heap History (8 events):
Event: 0.936 GC heap before
{Heap before GC invocations=0 (full 0):
 garbage-first heap   total 131072K, used 22528K [0x0000000080e00000, 0x0000000100000000)
  region size 1024K, 23 young (23552K), 0 survivors (0K)
 Metaspace       used 6908K, capacity 8491K, committed 8576K, reserved 1056768K
  class space    used 721K, capacity 869K, committed 896K, reserved 1048576K
}
Event: 0.940 GC heap after
{Heap after GC invocations=1 (full 0):
 garbage-first heap   total 131072K, used 3989K [0x0000000080e00000, 0x0000000100000000)
  region size 1024K, 3 young (3072K), 3 survivors (3072K)
 Metaspace       used 6908K, capacity 8491K, committed 8576K, reserved 1056768K
  class space    used 721K, capacity 869K, committed 896K, reserved 1048576K
}
Event: 1.848 GC heap before
{Heap before GC invocations=1 (full 0):
 garbage-first heap   total 131072K, used 36757K [0x0000000080e00000, 0x0000000100000000)
  region size 1024K, 35 young (35840K), 3 survivors (3072K)
 Metaspace       used 15741K, capacity 16012K, committed 16256K, reserved 1062912K
  class space    used 1757K, capacity 1853K, committed 1920K, reserved 1048576K
}
Event: 1.854 GC heap after
{Heap after GC invocations=2 (full 0):
 garbage-first heap   total 131072K, used 7835K [0x0000000080e00000, 0x0000000100000000)
  region size 1024K, 4 young (4096K), 4 survivors (4096K)
 Metaspace       used 15741K, capacity 16012K, committed 16256K, reserved 1062912K
  class space    used 1757K, capacity 1853K, committed 1920K, reserved 1048576K
}
Event: 42.794 GC heap before
{Heap before GC invocations=2 (full 0):
 garbage-first heap   total 131072K, used 50843K [0x0000000080e00000, 0x0000000100000000)
  region size 1024K, 47 young (48128K), 4 survivors (4096K)
 Metaspace       used 20803K, capacity 21082K, committed 21248K, reserved 1069056K
  class space    used 2421K, capacity 2531K, committed 2560K, reserved 1048576K
}
Event: 42.807 GC heap after
{Heap after GC invocations=3 (full 0):
 garbage-first heap   total 131072K, used 9961K [0x0000000080e00000, 0x0000000100000000)
  region size 1024K, 6 young (6144K), 6 survivors (6144K)
 Metaspace       used 20803K, capacity 21082K, committed 21248K, reserved 1069056K
  class space    used 2421K, capacity 2531K, committed 2560K, reserved 1048576K
}
Event: 382.441 GC heap before
{Heap before GC invocations=4 (full 0):
 garbage-first heap   total 37888K, used 26345K [0x0000000080e00000, 0x0000000100000000)
  region size 1024K, 22 young (22528K), 6 survivors (6144K)
 Metaspace       used 21070K, capacity 21473K, committed 21632K, reserved 1069056K
  class space    used 2451K, capacity 2587K, committed 2688K, reserved 1048576K
}
Event: 382.452 GC heap after
{Heap after GC invocations=5 (full 0):
 garbage-first heap   total 37888K, used 10612K [0x0000000080e00000, 0x0000000100000000)
  region size 1024K, 1 young (1024K), 1 survivors (1024K)
 Metaspace       used 21070K, capacity 21473K, committed 21632K, reserved 1069056K
  class space    used 2451K, capacity 2587K, committed 2688K, reserved 1048576K
}

