<?xml version="1.0" encoding="UTF-8"?>
<!-- Generated by org.testng.reporters.JUnitXMLReporter -->
<testsuite ignored="2" hostname="DESKTOP-ANVVC6A" failures="0" tests="16" name="Default test" time="11.133" errors="0" timestamp="2021-07-15T21:46:07 EDT">
  <testcase classname="test.SignOnPageTest" name="passwordDisplayTest" time="0.072"/>
  <testcase classname="test.SignOnPageTest" name="passwordEnabledTest" time="0.025"/>
  <testcase classname="test.SignOnPageTest" name="sbmitEnabledTest" time="0.03"/>
  <testcase classname="test.SignOnPageTest" name="submitDisplayTest" time="0.038"/>
  <testcase classname="test.SignOnPageTest" name="usernameDisplayTest" time="0.038"/>
  <testcase classname="test.SignOnPageTest" name="usernameEnabledTest" time="0.024"/>
  <testcase classname="test.SignOnPageTest" name="usernamePasswordTextEntryNegativeTest" time="0.546"/>
  <testcase classname="test.SignOnPageTest" name="usernamePasswordTextEntryNegativeTest" time="0.503"/>
  <testcase classname="test.SignOnPageTest" name="usernamePasswordTextEntryNegativeTest" time="0.547"/>
  <testcase classname="test.SignOnPageTest" name="usernamePasswordTextEntryNegativeTest" time="0.533"/>
  <testcase classname="test.SignOnPageTest" name="usernamePasswordTextEntryNegativeTest" time="0.482"/>
  <testcase classname="test.SignOnPageTest" name="usernamePasswordTextEntryNegativeTest" time="0.498"/>
  <testcase classname="test.SignOnPageTest" name="usernamePasswordTextEntryPositiveTest" time="0.669"/>
  <testcase classname="test.SignOnPageTest" name="usernamePasswordTextEntryPositiveTest" time="0.57"/>
  <testcase classname="test.SignOnPageTest" name="usernamePasswordTextEntryPositiveTest" time="0.573"/>
  <testcase classname="test.SignOnPageTest" name="usernamePasswordTextEntryPositiveTest" time="0.613"/>
  <testcase classname="test.SignOnPageTest" name="signOnPageValidateTest" time="0.0">
    <ignored/>
  </testcase> <!-- signOnPageValidateTest -->
  <testcase classname="test.SignOnPageTest" name="submitClick" time="0.0">
    <ignored/>
  </testcase> <!-- submitClick -->
</testsuite> <!-- Default test -->
